# JRE version: Java(TM) SE Runtime Environment (20.0.2+9) (build 20.0.2+9-78)
# Java VM: Java HotSpot(TM) 64-Bit Server VM (20.0.2+9-78, mixed mode, sharing, tiered, compressed oops, compressed class ptrs, g1 gc, windows-amd64)
GC Precious Log:
 CardTable entry size: 512
 Card Set container configuration: InlinePtr #cards 5 size 8 Array Of Cards #cards 12 size 40 Howl #buckets 4 coarsen threshold 1843 Howl Bitmap #cards 512 size 80 coarsen threshold 460 Card regions per heap region 1 cards per card region 2048
 CPUs: 8 total, 8 available
 Memory: 7941M
 Large Page Support: Disabled
 NUMA Support: Disabled
 Compressed Oops: Enabled (32-bit)
 Heap Region Size: 1M
 Heap Min Capacity: 8M
 Heap Initial Capacity: 126M
 Heap Max Capacity: 1986M
 Pre-touch: Disabled
 Parallel Workers: 8
 Concurrent Workers: 2
 Concurrent Refinement Workers: 8
 Periodic GC: Disabled
Heap:
 garbage-first heap   total 109568K, used 42941K [0x0000000083e00000, 0x0000000100000000)
  region size 1024K, 4 young (4096K), 4 survivors (4096K)
 Metaspace       used 90186K, committed 91136K, reserved 1179648K
  class space    used 11151K, committed 11584K, reserved 1048576K
GC Heap History (20 events):
Event: 3067.247 GC heap after
{Heap after GC invocations=79 (full 11):
 garbage-first heap   total 109568K, used 36562K [0x0000000083e00000, 0x0000000100000000)
  region size 1024K, 2 young (2048K), 2 survivors (2048K)
 Metaspace       used 88168K, committed 89088K, reserved 1179648K
  class space    used 11006K, committed 11456K, reserved 1048576K
}
Event: 3093.349 GC heap before
{Heap before GC invocations=79 (full 11):
 garbage-first heap   total 109568K, used 46802K [0x0000000083e00000, 0x0000000100000000)
  region size 1024K, 13 young (13312K), 2 survivors (2048K)
 Metaspace       used 88177K, committed 89152K, reserved 1179648K
  class space    used 11006K, committed 11456K, reserved 1048576K
}
Event: 3093.666 GC heap after
{Heap after GC invocations=80 (full 12):
 garbage-first heap   total 109568K, used 30892K [0x0000000083e00000, 0x0000000100000000)
  region size 1024K, 0 young (0K), 0 survivors (0K)
 Metaspace       used 88162K, committed 89152K, reserved 1179648K
  class space    used 11003K, committed 11456K, reserved 1048576K
}
Event: 3094.224 GC heap before
{Heap before GC invocations=80 (full 12):
 garbage-first heap   total 109568K, used 95404K [0x0000000083e00000, 0x0000000100000000)
  region size 1024K, 64 young (65536K), 0 survivors (0K)
 Metaspace       used 88629K, committed 89600K, reserved 1179648K
  class space    used 11043K, committed 11520K, reserved 1048576K
}
Event: 3094.232 GC heap after
{Heap after GC invocations=81 (full 12):
 garbage-first heap   total 109568K, used 36556K [0x0000000083e00000, 0x0000000100000000)
  region size 1024K, 6 young (6144K), 6 survivors (6144K)
 Metaspace       used 88629K, committed 89600K, reserved 1179648K
  class space    used 11043K, committed 11520K, reserved 1048576K
}
Event: 3238.925 GC heap before
{Heap before GC invocations=82 (full 12):
 garbage-first heap   total 109568K, used 94924K [0x0000000083e00000, 0x0000000100000000)
  region size 1024K, 63 young (64512K), 6 survivors (6144K)
 Metaspace       used 88649K, committed 89600K, reserved 1179648K
  class space    used 11043K, committed 11520K, reserved 1048576K
}
Event: 3238.950 GC heap after
{Heap after GC invocations=83 (full 12):
 garbage-first heap   total 109568K, used 36280K [0x0000000083e00000, 0x0000000100000000)
  region size 1024K, 2 young (2048K), 2 survivors (2048K)
 Metaspace       used 88649K, committed 89600K, reserved 1179648K
  class space    used 11043K, committed 11520K, reserved 1048576K
}
Event: 3405.145 GC heap before
{Heap before GC invocations=83 (full 12):
 garbage-first heap   total 109568K, used 93624K [0x0000000083e00000, 0x0000000100000000)
  region size 1024K, 59 young (60416K), 2 survivors (2048K)
 Metaspace       used 88662K, committed 89664K, reserved 1179648K
  class space    used 11044K, committed 11520K, reserved 1048576K
}
Event: 3405.320 GC heap after
{Heap after GC invocations=84 (full 13):
 garbage-first heap   total 109568K, used 30843K [0x0000000083e00000, 0x0000000100000000)
  region size 1024K, 0 young (0K), 0 survivors (0K)
 Metaspace       used 88654K, committed 89664K, reserved 1179648K
  class space    used 11042K, committed 11520K, reserved 1048576K
}
Event: 3431.799 GC heap before
{Heap before GC invocations=84 (full 13):
 garbage-first heap   total 109568K, used 95355K [0x0000000083e00000, 0x0000000100000000)
  region size 1024K, 64 young (65536K), 0 survivors (0K)
 Metaspace       used 89127K, committed 90048K, reserved 1179648K
  class space    used 11087K, committed 11520K, reserved 1048576K
}
Event: 3431.805 GC heap after
{Heap after GC invocations=85 (full 13):
 garbage-first heap   total 109568K, used 34923K [0x0000000083e00000, 0x0000000100000000)
  region size 1024K, 4 young (4096K), 4 survivors (4096K)
 Metaspace       used 89127K, committed 90048K, reserved 1179648K
  class space    used 11087K, committed 11520K, reserved 1048576K
}
Event: 3508.165 GC heap before
{Heap before GC invocations=86 (full 13):
 garbage-first heap   total 109568K, used 95339K [0x0000000083e00000, 0x0000000100000000)
  region size 1024K, 64 young (65536K), 4 survivors (4096K)
 Metaspace       used 89213K, committed 90112K, reserved 1179648K
  class space    used 11092K, committed 11520K, reserved 1048576K
}
Event: 3508.172 GC heap after
{Heap after GC invocations=87 (full 13):
 garbage-first heap   total 109568K, used 38011K [0x0000000083e00000, 0x0000000100000000)
  region size 1024K, 7 young (7168K), 7 survivors (7168K)
 Metaspace       used 89213K, committed 90112K, reserved 1179648K
  class space    used 11092K, committed 11520K, reserved 1048576K
}
Event: 3597.956 GC heap before
{Heap before GC invocations=87 (full 13):
 garbage-first heap   total 109568K, used 92283K [0x0000000083e00000, 0x0000000100000000)
  region size 1024K, 61 young (62464K), 7 survivors (7168K)
 Metaspace       used 89591K, committed 90560K, reserved 1179648K
  class space    used 11117K, committed 11520K, reserved 1048576K
}
Event: 3597.978 GC heap after
{Heap after GC invocations=88 (full 13):
 garbage-first heap   total 109568K, used 38220K [0x0000000083e00000, 0x0000000100000000)
  region size 1024K, 4 young (4096K), 4 survivors (4096K)
 Metaspace       used 89591K, committed 90560K, reserved 1179648K
  class space    used 11117K, committed 11520K, reserved 1048576K
}
Event: 3701.820 GC heap before
{Heap before GC invocations=88 (full 13):
 garbage-first heap   total 109568K, used 96588K [0x0000000083e00000, 0x0000000100000000)
  region size 1024K, 61 young (62464K), 4 survivors (4096K)
 Metaspace       used 89637K, committed 90624K, reserved 1179648K
  class space    used 11123K, committed 11584K, reserved 1048576K
}
Event: 3701.829 GC heap after
{Heap after GC invocations=89 (full 13):
 garbage-first heap   total 109568K, used 40007K [0x0000000083e00000, 0x0000000100000000)
  region size 1024K, 6 young (6144K), 6 survivors (6144K)
 Metaspace       used 89637K, committed 90624K, reserved 1179648K
  class space    used 11123K, committed 11584K, reserved 1048576K
}
Event: 3702.513 GC heap before
{Heap before GC invocations=90 (full 13):
 garbage-first heap   total 109568K, used 94279K [0x0000000083e00000, 0x0000000100000000)
  region size 1024K, 59 young (60416K), 6 survivors (6144K)
 Metaspace       used 90177K, committed 91136K, reserved 1179648K
  class space    used 11151K, committed 11584K, reserved 1048576K
}
Event: 3702.520 GC heap after
{Heap after GC invocations=91 (full 13):
 garbage-first heap   total 109568K, used 42439K [0x0000000083e00000, 0x0000000100000000)
  region size 1024K, 6 young (6144K), 6 survivors (6144K)
 Metaspace       used 90177K, committed 91136K, reserved 1179648K
  class space    used 11151K, committed 11584K, reserved 1048576K
}
Event: 3821.354 GC heap before
{Heap before GC invocations=91 (full 13):
 garbage-first heap   total 109568K, used 94663K [0x0000000083e00000, 0x0000000100000000)
  region size 1024K, 57 young (58368K), 6 survivors (6144K)
 Metaspace       used 90186K, committed 91136K, reserved 1179648K
  class space    used 11151K, committed 11584K, reserved 1048576K
}

