# JRE version: Java(TM) SE Runtime Environment (20.0.2+9) (build 20.0.2+9-78)
# Java VM: Java HotSpot(TM) 64-Bit Server VM (20.0.2+9-78, mixed mode, sharing, tiered, compressed oops, compressed class ptrs, g1 gc, windows-amd64)
GC Precious Log:
 CardTable entry size: 512
 Card Set container configuration: InlinePtr #cards 5 size 8 Array Of Cards #cards 12 size 40 Howl #buckets 4 coarsen threshold 1843 Howl Bitmap #cards 512 size 80 coarsen threshold 460 Card regions per heap region 1 cards per card region 2048
 CPUs: 8 total, 8 available
 Memory: 7941M
 Large Page Support: Disabled
 NUMA Support: Disabled
 Compressed Oops: Enabled (32-bit)
 Heap Region Size: 1M
 Heap Min Capacity: 8M
 Heap Initial Capacity: 126M
 Heap Max Capacity: 1986M
 Pre-touch: Disabled
 Parallel Workers: 8
 Concurrent Workers: 2
 Concurrent Refinement Workers: 8
 Periodic GC: Disabled
Heap:
 garbage-first heap   total 67584K, used 31658K [0x0000000083e00000, 0x0000000100000000)
  region size 1024K, 4 young (4096K), 2 survivors (2048K)
 Metaspace       used 83923K, committed 84672K, reserved 1179648K
  class space    used 11075K, committed 11456K, reserved 1048576K
GC Heap History (20 events):
Event: 3486.048 GC heap before
{Heap before GC invocations=26 (full 0):
 garbage-first heap   total 66560K, used 60222K [0x0000000083e00000, 0x0000000100000000)
  region size 1024K, 28 young (28672K), 2 survivors (2048K)
 Metaspace       used 83118K, committed 84224K, reserved 1179648K
  class space    used 11050K, committed 11456K, reserved 1048576K
}
Event: 3486.053 GC heap after
{Heap after GC invocations=27 (full 0):
 garbage-first heap   total 66560K, used 33755K [0x0000000083e00000, 0x0000000100000000)
  region size 1024K, 2 young (2048K), 2 survivors (2048K)
 Metaspace       used 83118K, committed 84224K, reserved 1179648K
  class space    used 11050K, committed 11456K, reserved 1048576K
}
Event: 4020.547 GC heap before
{Heap before GC invocations=27 (full 0):
 garbage-first heap   total 66560K, used 60379K [0x0000000083e00000, 0x0000000100000000)
  region size 1024K, 28 young (28672K), 2 survivors (2048K)
 Metaspace       used 83133K, committed 84224K, reserved 1179648K
  class space    used 11050K, committed 11456K, reserved 1048576K
}
Event: 4020.588 GC heap after
{Heap after GC invocations=28 (full 0):
 garbage-first heap   total 67584K, used 31224K [0x0000000083e00000, 0x0000000100000000)
  region size 1024K, 2 young (2048K), 2 survivors (2048K)
 Metaspace       used 83133K, committed 84224K, reserved 1179648K
  class space    used 11050K, committed 11456K, reserved 1048576K
}
Event: 4583.737 GC heap before
{Heap before GC invocations=28 (full 0):
 garbage-first heap   total 67584K, used 60920K [0x0000000083e00000, 0x0000000100000000)
  region size 1024K, 31 young (31744K), 2 survivors (2048K)
 Metaspace       used 83163K, committed 84224K, reserved 1179648K
  class space    used 11050K, committed 11456K, reserved 1048576K
}
Event: 4583.761 GC heap after
{Heap after GC invocations=29 (full 0):
 garbage-first heap   total 67584K, used 31357K [0x0000000083e00000, 0x0000000100000000)
  region size 1024K, 2 young (2048K), 2 survivors (2048K)
 Metaspace       used 83163K, committed 84224K, reserved 1179648K
  class space    used 11050K, committed 11456K, reserved 1048576K
}
Event: 5119.399 GC heap before
{Heap before GC invocations=29 (full 0):
 garbage-first heap   total 67584K, used 61053K [0x0000000083e00000, 0x0000000100000000)
  region size 1024K, 31 young (31744K), 2 survivors (2048K)
 Metaspace       used 83182K, committed 84224K, reserved 1179648K
  class space    used 11050K, committed 11456K, reserved 1048576K
}
Event: 5119.421 GC heap after
{Heap after GC invocations=30 (full 0):
 garbage-first heap   total 67584K, used 31562K [0x0000000083e00000, 0x0000000100000000)
  region size 1024K, 3 young (3072K), 3 survivors (3072K)
 Metaspace       used 83182K, committed 84224K, reserved 1179648K
  class space    used 11050K, committed 11456K, reserved 1048576K
}
Event: 5656.412 GC heap before
{Heap before GC invocations=31 (full 0):
 garbage-first heap   total 67584K, used 59210K [0x0000000083e00000, 0x0000000100000000)
  region size 1024K, 30 young (30720K), 3 survivors (3072K)
 Metaspace       used 83184K, committed 84224K, reserved 1179648K
  class space    used 11050K, committed 11456K, reserved 1048576K
}
Event: 5656.424 GC heap after
{Heap after GC invocations=32 (full 0):
 garbage-first heap   total 67584K, used 31361K [0x0000000083e00000, 0x0000000100000000)
  region size 1024K, 2 young (2048K), 2 survivors (2048K)
 Metaspace       used 83184K, committed 84224K, reserved 1179648K
  class space    used 11050K, committed 11456K, reserved 1048576K
}
Event: 53069.289 GC heap before
{Heap before GC invocations=32 (full 0):
 garbage-first heap   total 67584K, used 61057K [0x0000000083e00000, 0x0000000100000000)
  region size 1024K, 31 young (31744K), 2 survivors (2048K)
 Metaspace       used 83449K, committed 84288K, reserved 1179648K
  class space    used 11059K, committed 11456K, reserved 1048576K
}
Event: 53069.418 GC heap after
{Heap after GC invocations=33 (full 0):
 garbage-first heap   total 67584K, used 31315K [0x0000000083e00000, 0x0000000100000000)
  region size 1024K, 3 young (3072K), 3 survivors (3072K)
 Metaspace       used 83449K, committed 84288K, reserved 1179648K
  class space    used 11059K, committed 11456K, reserved 1048576K
}
Event: 53652.456 GC heap before
{Heap before GC invocations=33 (full 0):
 garbage-first heap   total 67584K, used 59987K [0x0000000083e00000, 0x0000000100000000)
  region size 1024K, 31 young (31744K), 3 survivors (3072K)
 Metaspace       used 83455K, committed 84288K, reserved 1179648K
  class space    used 11059K, committed 11456K, reserved 1048576K
}
Event: 53652.566 GC heap after
{Heap after GC invocations=34 (full 0):
 garbage-first heap   total 67584K, used 30522K [0x0000000083e00000, 0x0000000100000000)
  region size 1024K, 1 young (1024K), 1 survivors (1024K)
 Metaspace       used 83455K, committed 84288K, reserved 1179648K
  class space    used 11059K, committed 11456K, reserved 1048576K
}
Event: 54843.621 GC heap before
{Heap before GC invocations=35 (full 0):
 garbage-first heap   total 67584K, used 62266K [0x0000000083e00000, 0x0000000100000000)
  region size 1024K, 32 young (32768K), 1 survivors (1024K)
 Metaspace       used 83899K, committed 84672K, reserved 1179648K
  class space    used 11075K, committed 11456K, reserved 1048576K
}
Event: 54843.764 GC heap after
{Heap after GC invocations=36 (full 0):
 garbage-first heap   total 67584K, used 30913K [0x0000000083e00000, 0x0000000100000000)
  region size 1024K, 2 young (2048K), 2 survivors (2048K)
 Metaspace       used 83899K, committed 84672K, reserved 1179648K
  class space    used 11075K, committed 11456K, reserved 1048576K
}
Event: 55450.180 GC heap before
{Heap before GC invocations=36 (full 0):
 garbage-first heap   total 67584K, used 60609K [0x0000000083e00000, 0x0000000100000000)
  region size 1024K, 31 young (31744K), 2 survivors (2048K)
 Metaspace       used 83911K, committed 84672K, reserved 1179648K
  class space    used 11075K, committed 11456K, reserved 1048576K
}
Event: 55450.256 GC heap after
{Heap after GC invocations=37 (full 0):
 garbage-first heap   total 67584K, used 30245K [0x0000000083e00000, 0x0000000100000000)
  region size 1024K, 2 young (2048K), 2 survivors (2048K)
 Metaspace       used 83911K, committed 84672K, reserved 1179648K
  class space    used 11075K, committed 11456K, reserved 1048576K
}
Event: 56202.500 GC heap before
{Heap before GC invocations=37 (full 0):
 garbage-first heap   total 67584K, used 59941K [0x0000000083e00000, 0x0000000100000000)
  region size 1024K, 31 young (31744K), 2 survivors (2048K)
 Metaspace       used 83923K, committed 84672K, reserved 1179648K
  class space    used 11075K, committed 11456K, reserved 1048576K
}
Event: 56202.580 GC heap after
{Heap after GC invocations=38 (full 0):
 garbage-first heap   total 67584K, used 30634K [0x0000000083e00000, 0x0000000100000000)
  region size 1024K, 2 young (2048K), 2 survivors (2048K)
 Metaspace       used 83923K, committed 84672K, reserved 1179648K
  class space    used 11075K, committed 11456K, reserved 1048576K
}

