# JRE version: Java(TM) SE Runtime Environment (20.0.2+9) (build 20.0.2+9-78)
# Java VM: Java HotSpot(TM) 64-Bit Server VM (20.0.2+9-78, mixed mode, sharing, tiered, compressed oops, compressed class ptrs, g1 gc, windows-amd64)
GC Precious Log:
 CardTable entry size: 512
 Card Set container configuration: InlinePtr #cards 5 size 8 Array Of Cards #cards 12 size 40 Howl #buckets 4 coarsen threshold 1843 Howl Bitmap #cards 512 size 80 coarsen threshold 460 Card regions per heap region 1 cards per card region 2048
 CPUs: 8 total, 8 available
 Memory: 7941M
 Large Page Support: Disabled
 NUMA Support: Disabled
 Compressed Oops: Enabled (32-bit)
 Heap Region Size: 1M
 Heap Min Capacity: 8M
 Heap Initial Capacity: 126M
 Heap Max Capacity: 1986M
 Pre-touch: Disabled
 Parallel Workers: 8
 Concurrent Workers: 2
 Concurrent Refinement Workers: 8
 Periodic GC: Disabled
Heap:
 garbage-first heap   total 55296K, used 47082K [0x0000000083e00000, 0x0000000100000000)
  region size 1024K, 20 young (20480K), 3 survivors (3072K)
 Metaspace       used 72803K, committed 73472K, reserved 1114112K
  class space    used 9632K, committed 9920K, reserved 1048576K
GC Heap History (20 events):
Event: 2.749 GC heap before
{Heap before GC invocations=5 (full 0):
 garbage-first heap   total 55296K, used 42537K [0x0000000083e00000, 0x0000000100000000)
  region size 1024K, 28 young (28672K), 3 survivors (3072K)
 Metaspace       used 30122K, committed 30656K, reserved 1114112K
  class space    used 3773K, committed 3968K, reserved 1048576K
}
Event: 2.752 GC heap after
{Heap after GC invocations=6 (full 0):
 garbage-first heap   total 55296K, used 19943K [0x0000000083e00000, 0x0000000100000000)
  region size 1024K, 4 young (4096K), 4 survivors (4096K)
 Metaspace       used 30122K, committed 30656K, reserved 1114112K
  class space    used 3773K, committed 3968K, reserved 1048576K
}
Event: 3.146 GC heap before
{Heap before GC invocations=6 (full 0):
 garbage-first heap   total 55296K, used 43495K [0x0000000083e00000, 0x0000000100000000)
  region size 1024K, 28 young (28672K), 4 survivors (4096K)
 Metaspace       used 34905K, committed 35520K, reserved 1114112K
  class space    used 4434K, committed 4736K, reserved 1048576K
}
Event: 3.150 GC heap after
{Heap after GC invocations=7 (full 0):
 garbage-first heap   total 55296K, used 22067K [0x0000000083e00000, 0x0000000100000000)
  region size 1024K, 2 young (2048K), 2 survivors (2048K)
 Metaspace       used 34905K, committed 35520K, reserved 1114112K
  class space    used 4434K, committed 4736K, reserved 1048576K
}
Event: 3.175 GC heap before
{Heap before GC invocations=7 (full 0):
 garbage-first heap   total 55296K, used 23091K [0x0000000083e00000, 0x0000000100000000)
  region size 1024K, 4 young (4096K), 2 survivors (2048K)
 Metaspace       used 35373K, committed 35968K, reserved 1114112K
  class space    used 4547K, committed 4864K, reserved 1048576K
}
Event: 3.177 GC heap after
{Heap after GC invocations=8 (full 0):
 garbage-first heap   total 55296K, used 21957K [0x0000000083e00000, 0x0000000100000000)
  region size 1024K, 2 young (2048K), 2 survivors (2048K)
 Metaspace       used 35373K, committed 35968K, reserved 1114112K
  class space    used 4547K, committed 4864K, reserved 1048576K
}
Event: 3.563 GC heap before
{Heap before GC invocations=9 (full 0):
 garbage-first heap   total 55296K, used 47557K [0x0000000083e00000, 0x0000000100000000)
  region size 1024K, 27 young (27648K), 2 survivors (2048K)
 Metaspace       used 41213K, committed 41856K, reserved 1114112K
  class space    used 5602K, committed 5888K, reserved 1048576K
}
Event: 3.565 GC heap after
{Heap after GC invocations=10 (full 0):
 garbage-first heap   total 55296K, used 24088K [0x0000000083e00000, 0x0000000100000000)
  region size 1024K, 4 young (4096K), 4 survivors (4096K)
 Metaspace       used 41213K, committed 41856K, reserved 1114112K
  class space    used 5602K, committed 5888K, reserved 1048576K
}
Event: 4.164 GC heap before
{Heap before GC invocations=10 (full 0):
 garbage-first heap   total 55296K, used 45592K [0x0000000083e00000, 0x0000000100000000)
  region size 1024K, 26 young (26624K), 4 survivors (4096K)
 Metaspace       used 51525K, committed 52224K, reserved 1114112K
  class space    used 6805K, committed 7104K, reserved 1048576K
}
Event: 4.167 GC heap after
{Heap after GC invocations=11 (full 0):
 garbage-first heap   total 55296K, used 25698K [0x0000000083e00000, 0x0000000100000000)
  region size 1024K, 4 young (4096K), 4 survivors (4096K)
 Metaspace       used 51525K, committed 52224K, reserved 1114112K
  class space    used 6805K, committed 7104K, reserved 1048576K
}
Event: 4.376 GC heap before
{Heap before GC invocations=11 (full 0):
 garbage-first heap   total 55296K, used 45154K [0x0000000083e00000, 0x0000000100000000)
  region size 1024K, 24 young (24576K), 4 survivors (4096K)
 Metaspace       used 56122K, committed 56768K, reserved 1114112K
  class space    used 7284K, committed 7552K, reserved 1048576K
}
Event: 4.379 GC heap after
{Heap after GC invocations=12 (full 0):
 garbage-first heap   total 55296K, used 27289K [0x0000000083e00000, 0x0000000100000000)
  region size 1024K, 2 young (2048K), 2 survivors (2048K)
 Metaspace       used 56122K, committed 56768K, reserved 1114112K
  class space    used 7284K, committed 7552K, reserved 1048576K
}
Event: 4.507 GC heap before
{Heap before GC invocations=12 (full 0):
 garbage-first heap   total 55296K, used 37529K [0x0000000083e00000, 0x0000000100000000)
  region size 1024K, 14 young (14336K), 2 survivors (2048K)
 Metaspace       used 59622K, committed 60160K, reserved 1114112K
  class space    used 7684K, committed 7936K, reserved 1048576K
}
Event: 4.508 GC heap after
{Heap after GC invocations=13 (full 0):
 garbage-first heap   total 55296K, used 27610K [0x0000000083e00000, 0x0000000100000000)
  region size 1024K, 2 young (2048K), 2 survivors (2048K)
 Metaspace       used 59622K, committed 60160K, reserved 1114112K
  class space    used 7684K, committed 7936K, reserved 1048576K
}
Event: 4.785 GC heap before
{Heap before GC invocations=14 (full 0):
 garbage-first heap   total 55296K, used 48090K [0x0000000083e00000, 0x0000000100000000)
  region size 1024K, 22 young (22528K), 2 survivors (2048K)
 Metaspace       used 64304K, committed 64896K, reserved 1114112K
  class space    used 8516K, committed 8768K, reserved 1048576K
}
Event: 4.787 GC heap after
{Heap after GC invocations=15 (full 0):
 garbage-first heap   total 55296K, used 28355K [0x0000000083e00000, 0x0000000100000000)
  region size 1024K, 2 young (2048K), 2 survivors (2048K)
 Metaspace       used 64304K, committed 64896K, reserved 1114112K
  class space    used 8516K, committed 8768K, reserved 1048576K
}
Event: 5.102 GC heap before
{Heap before GC invocations=15 (full 0):
 garbage-first heap   total 55296K, used 47811K [0x0000000083e00000, 0x0000000100000000)
  region size 1024K, 21 young (21504K), 2 survivors (2048K)
 Metaspace       used 68763K, committed 69440K, reserved 1114112K
  class space    used 9113K, committed 9408K, reserved 1048576K
}
Event: 5.104 GC heap after
{Heap after GC invocations=16 (full 0):
 garbage-first heap   total 55296K, used 28885K [0x0000000083e00000, 0x0000000100000000)
  region size 1024K, 3 young (3072K), 3 survivors (3072K)
 Metaspace       used 68763K, committed 69440K, reserved 1114112K
  class space    used 9113K, committed 9408K, reserved 1048576K
}
Event: 5.345 GC heap before
{Heap before GC invocations=16 (full 0):
 garbage-first heap   total 55296K, used 47317K [0x0000000083e00000, 0x0000000100000000)
  region size 1024K, 21 young (21504K), 3 survivors (3072K)
 Metaspace       used 72035K, committed 72704K, reserved 1114112K
  class space    used 9514K, committed 9792K, reserved 1048576K
}
Event: 5.347 GC heap after
{Heap after GC invocations=17 (full 0):
 garbage-first heap   total 55296K, used 30698K [0x0000000083e00000, 0x0000000100000000)
  region size 1024K, 3 young (3072K), 3 survivors (3072K)
 Metaspace       used 72035K, committed 72704K, reserved 1114112K
  class space    used 9514K, committed 9792K, reserved 1048576K
}

