# JRE version: Java(TM) SE Runtime Environment (20.0.2+9) (build 20.0.2+9-78)
# Java VM: Java HotSpot(TM) 64-Bit Server VM (20.0.2+9-78, mixed mode, sharing, tiered, compressed oops, compressed class ptrs, g1 gc, windows-amd64)
GC Precious Log:
 CardTable entry size: 512
 Card Set container configuration: InlinePtr #cards 5 size 8 Array Of Cards #cards 12 size 40 Howl #buckets 4 coarsen threshold 1843 Howl Bitmap #cards 512 size 80 coarsen threshold 460 Card regions per heap region 1 cards per card region 2048
 CPUs: 8 total, 8 available
 Memory: 7941M
 Large Page Support: Disabled
 NUMA Support: Disabled
 Compressed Oops: Enabled (32-bit)
 Heap Region Size: 1M
 Heap Min Capacity: 8M
 Heap Initial Capacity: 126M
 Heap Max Capacity: 1986M
 Pre-touch: Disabled
 Parallel Workers: 8
 Concurrent Workers: 2
 Concurrent Refinement Workers: 8
 Periodic GC: Disabled
Heap:
 garbage-first heap   total 79872K, used 37531K [0x0000000083e00000, 0x0000000100000000)
  region size 1024K, 11 young (11264K), 3 survivors (3072K)
 Metaspace       used 73020K, committed 73792K, reserved 1114112K
  class space    used 9370K, committed 9728K, reserved 1048576K
GC Heap History (20 events):
Event: 47803.383 GC heap before
{Heap before GC invocations=37 (full 6):
 garbage-first heap   total 66560K, used 34508K [0x0000000083e00000, 0x0000000100000000)
  region size 1024K, 9 young (9216K), 3 survivors (3072K)
 Metaspace       used 71622K, committed 72320K, reserved 1114112K
  class space    used 9301K, committed 9600K, reserved 1048576K
}
Event: 47803.441 GC heap after
{Heap after GC invocations=38 (full 7):
 garbage-first heap   total 66560K, used 25176K [0x0000000083e00000, 0x0000000100000000)
  region size 1024K, 0 young (0K), 0 survivors (0K)
 Metaspace       used 71620K, committed 72320K, reserved 1114112K
  class space    used 9300K, committed 9600K, reserved 1048576K
}
Event: 47803.740 GC heap before
{Heap before GC invocations=38 (full 7):
 garbage-first heap   total 66560K, used 54872K [0x0000000083e00000, 0x0000000100000000)
  region size 1024K, 30 young (30720K), 0 survivors (0K)
 Metaspace       used 71698K, committed 72384K, reserved 1114112K
  class space    used 9306K, committed 9600K, reserved 1048576K
}
Event: 47803.744 GC heap after
{Heap after GC invocations=39 (full 7):
 garbage-first heap   total 66560K, used 28225K [0x0000000083e00000, 0x0000000100000000)
  region size 1024K, 3 young (3072K), 3 survivors (3072K)
 Metaspace       used 71698K, committed 72384K, reserved 1114112K
  class space    used 9306K, committed 9600K, reserved 1048576K
}
Event: 47830.081 GC heap before
{Heap before GC invocations=40 (full 7):
 garbage-first heap   total 66560K, used 55873K [0x0000000083e00000, 0x0000000100000000)
  region size 1024K, 31 young (31744K), 3 survivors (3072K)
 Metaspace       used 72088K, committed 72832K, reserved 1114112K
  class space    used 9322K, committed 9664K, reserved 1048576K
}
Event: 47830.096 GC heap after
{Heap after GC invocations=41 (full 7):
 garbage-first heap   total 66560K, used 29538K [0x0000000083e00000, 0x0000000100000000)
  region size 1024K, 3 young (3072K), 3 survivors (3072K)
 Metaspace       used 72088K, committed 72832K, reserved 1114112K
  class space    used 9322K, committed 9664K, reserved 1048576K
}
Event: 47963.519 GC heap before
{Heap before GC invocations=41 (full 7):
 garbage-first heap   total 66560K, used 32610K [0x0000000083e00000, 0x0000000100000000)
  region size 1024K, 7 young (7168K), 3 survivors (3072K)
 Metaspace       used 72107K, committed 72832K, reserved 1114112K
  class space    used 9322K, committed 9664K, reserved 1048576K
}
Event: 47963.566 GC heap after
{Heap after GC invocations=42 (full 8):
 garbage-first heap   total 66560K, used 25401K [0x0000000083e00000, 0x0000000100000000)
  region size 1024K, 0 young (0K), 0 survivors (0K)
 Metaspace       used 72104K, committed 72832K, reserved 1114112K
  class space    used 9322K, committed 9664K, reserved 1048576K
}
Event: 47963.859 GC heap before
{Heap before GC invocations=42 (full 8):
 garbage-first heap   total 66560K, used 54073K [0x0000000083e00000, 0x0000000100000000)
  region size 1024K, 29 young (29696K), 0 survivors (0K)
 Metaspace       used 72183K, committed 72896K, reserved 1114112K
  class space    used 9328K, committed 9664K, reserved 1048576K
}
Event: 47963.862 GC heap after
{Heap after GC invocations=43 (full 8):
 garbage-first heap   total 66560K, used 28387K [0x0000000083e00000, 0x0000000100000000)
  region size 1024K, 3 young (3072K), 3 survivors (3072K)
 Metaspace       used 72183K, committed 72896K, reserved 1114112K
  class space    used 9328K, committed 9664K, reserved 1048576K
}
Event: 47964.169 GC heap before
{Heap before GC invocations=44 (full 8):
 garbage-first heap   total 66560K, used 55011K [0x0000000083e00000, 0x0000000100000000)
  region size 1024K, 29 young (29696K), 3 survivors (3072K)
 Metaspace       used 72463K, committed 73152K, reserved 1114112K
  class space    used 9343K, committed 9664K, reserved 1048576K
}
Event: 47964.174 GC heap after
{Heap after GC invocations=45 (full 8):
 garbage-first heap   total 66560K, used 29662K [0x0000000083e00000, 0x0000000100000000)
  region size 1024K, 3 young (3072K), 3 survivors (3072K)
 Metaspace       used 72463K, committed 73152K, reserved 1114112K
  class space    used 9343K, committed 9664K, reserved 1048576K
}
Event: 48020.880 GC heap before
{Heap before GC invocations=45 (full 8):
 garbage-first heap   total 66560K, used 33758K [0x0000000083e00000, 0x0000000100000000)
  region size 1024K, 8 young (8192K), 3 survivors (3072K)
 Metaspace       used 72491K, committed 73216K, reserved 1114112K
  class space    used 9344K, committed 9664K, reserved 1048576K
}
Event: 48020.920 GC heap after
{Heap after GC invocations=46 (full 9):
 garbage-first heap   total 66560K, used 25687K [0x0000000083e00000, 0x0000000100000000)
  region size 1024K, 0 young (0K), 0 survivors (0K)
 Metaspace       used 72488K, committed 73216K, reserved 1114112K
  class space    used 9343K, committed 9664K, reserved 1048576K
}
Event: 48021.408 GC heap before
{Heap before GC invocations=46 (full 9):
 garbage-first heap   total 66560K, used 54359K [0x0000000083e00000, 0x0000000100000000)
  region size 1024K, 29 young (29696K), 0 survivors (0K)
 Metaspace       used 72593K, committed 73344K, reserved 1114112K
  class space    used 9350K, committed 9664K, reserved 1048576K
}
Event: 48021.411 GC heap after
{Heap after GC invocations=47 (full 9):
 garbage-first heap   total 66560K, used 28605K [0x0000000083e00000, 0x0000000100000000)
  region size 1024K, 3 young (3072K), 3 survivors (3072K)
 Metaspace       used 72593K, committed 73344K, reserved 1114112K
  class space    used 9350K, committed 9664K, reserved 1048576K
}
Event: 48021.818 GC heap before
{Heap before GC invocations=48 (full 9):
 garbage-first heap   total 66560K, used 56253K [0x0000000083e00000, 0x0000000100000000)
  region size 1024K, 30 young (30720K), 3 survivors (3072K)
 Metaspace       used 72932K, committed 73664K, reserved 1114112K
  class space    used 9368K, committed 9664K, reserved 1048576K
}
Event: 48021.825 GC heap after
{Heap after GC invocations=49 (full 9):
 garbage-first heap   total 66560K, used 29883K [0x0000000083e00000, 0x0000000100000000)
  region size 1024K, 3 young (3072K), 3 survivors (3072K)
 Metaspace       used 72932K, committed 73664K, reserved 1114112K
  class space    used 9368K, committed 9664K, reserved 1048576K
}
Event: 49338.093 GC heap before
{Heap before GC invocations=49 (full 9):
 garbage-first heap   total 66560K, used 55483K [0x0000000083e00000, 0x0000000100000000)
  region size 1024K, 28 young (28672K), 3 survivors (3072K)
 Metaspace       used 73015K, committed 73792K, reserved 1114112K
  class space    used 9370K, committed 9728K, reserved 1048576K
}
Event: 49338.169 GC heap after
{Heap after GC invocations=50 (full 9):
 garbage-first heap   total 79872K, used 30363K [0x0000000083e00000, 0x0000000100000000)
  region size 1024K, 3 young (3072K), 3 survivors (3072K)
 Metaspace       used 73015K, committed 73792K, reserved 1114112K
  class space    used 9370K, committed 9728K, reserved 1048576K
}

